<?xml version="1.0" encoding="UTF-8"?>
<!-- Generated by org.testng.reporters.JUnitXMLReporter -->
<testsuite hostname="AIPL6461LT14031" ignored="0" name="Test" tests="4" failures="0" timestamp="2022-02-18T17:04:49 IST" time="6.44" errors="0">
  <testcase name="login" time="3.55" classname="com.assignment.restassured.UiBank.LoginUiBank"/>
  <testcase name="createAccount" time="0.919" classname="com.assignment.restassured.UiBank.CreateAccountSavings"/>
  <testcase name="getProfileDetails" time="0.935" classname="com.assignment.restassured.UiBank.ProfileDetails"/>
  <testcase name="accounts" time="0.968" classname="com.assignment.restassured.UiBank.AccountDetails"/>
</testsuite> <!-- Test -->
